TAP version 13
# This version of µWS is not compatible with your Node.js build:
# Error: Cannot find module '../binaries/uws_linux_x64_127.node'
# Require stack:
# - /mnt/data/stockpair_v060_work/stockpair-robinhood-chain-launchpad-v0.5.0-complete/node_modules/ganache/node_modules/@trufflesuite/uws-js-unofficial/src/uws.js
# - /mnt/data/stockpair_v060_work/stockpair-robinhood-chain-launchpad-v0.5.0-complete/node_modules/ganache/dist/node/core.js
# Falling back to a NodeJS implementation; performance may be degraded.
# Subtest: strict bytecode policy accepts reviewed fixed-supply code and rejects executable evasions
ok 1 - strict bytecode policy accepts reviewed fixed-supply code and rejects executable evasions
  ---
  duration_ms: 17045.35427
  type: 'test'
  ...
1..1
# tests 1
# suites 0
# pass 1
# fail 0
# cancelled 0
# skipped 0
# todo 0
# duration_ms 17680.551182
